[Info  - 12:20:58 AM] Analysis cache path: /home/am.lalwani/.cache/Microsoft/Python Language Server
[Info  - 12:20:59 AM] Microsoft Python Language Server version 0.5.51.0
[Info  - 12:20:59 AM] Workspace root: /home/am.lalwani/PycharmProjects/Basic
[Info  - 12:20:59 AM] GetCurrentSearchPaths /usr/bin/python3 
[Info  - 12:20:59 AM] Interpreter search paths:
[Info  - 12:20:59 AM]     /usr/lib/python3.6
[Info  - 12:20:59 AM]     /usr/lib/python3.6/lib-dynload
[Info  - 12:20:59 AM]     /home/am.lalwani/.local/lib/python3.6/site-packages
[Info  - 12:20:59 AM]     /usr/local/lib/python3.6/dist-packages
[Info  - 12:20:59 AM]     /usr/lib/python3/dist-packages
[Info  - 12:20:59 AM] User search paths:
[Info  - 12:21:06 AM] Initializing for /usr/bin/python3
[Info  - 12:21:06 AM] Analysis caching mode: None.
[Info  - 12:32:39 AM] Analysis caching mode: None.
[Info  - 12:32:40 AM] Analysis cache path: /home/am.lalwani/.cache/Microsoft/Python Language Server
[Info  - 12:32:40 AM] Microsoft Python Language Server version 0.5.51.0
[Info  - 12:32:40 AM] Workspace root: /home/am.lalwani/PycharmProjects/Basic
[Info  - 12:32:40 AM] GetCurrentSearchPaths /usr/bin/python3 
[Info  - 12:32:40 AM] Interpreter search paths:
[Info  - 12:32:40 AM]     /usr/lib/python3.6
[Info  - 12:32:40 AM]     /usr/lib/python3.6/lib-dynload
[Info  - 12:32:40 AM]     /home/am.lalwani/.local/lib/python3.6/site-packages
[Info  - 12:32:40 AM]     /usr/local/lib/python3.6/dist-packages
[Info  - 12:32:40 AM]     /usr/lib/python3/dist-packages
[Info  - 12:32:40 AM] User search paths:
[Info  - 12:32:41 AM] Initializing for /usr/bin/python3
[Info  - 12:32:41 AM] Analysis caching mode: None.
