[2020-06-27 01:23:16.459] [renderer1] [error] An unknown error occurred. Please consult the log for more details.
[2020-06-27 01:26:13.165] [renderer1] [error] An unknown error occurred. Please consult the log for more details.
[2020-06-27 01:43:38.407] [renderer1] [error] The request (id: 3991, method: 'textDocument/hover') has been cancelled: Error: The request (id: 3991, method: 'textDocument/hover') has been cancelled
	at /home/am.lalwani/.vscode/extensions/redhat.java-0.53.1/dist/extension.js:1:68555
	at /home/am.lalwani/.vscode/extensions/redhat.java-0.53.1/dist/extension.js:1:68849
	at Immediate.module.exports.M.G.Y.size.setImmediate (/home/am.lalwani/.vscode/extensions/redhat.java-0.53.1/dist/extension.js:1:69210)
	at runCallback (timers.js:694:18)
	at tryOnImmediate (timers.js:665:5)
	at processImmediate (timers.js:647:5)
[2020-06-27 01:44:53.949] [renderer1] [error] The request (id: 4056, method: 'textDocument/hover') has been cancelled: Error: The request (id: 4056, method: 'textDocument/hover') has been cancelled
	at /home/am.lalwani/.vscode/extensions/redhat.java-0.53.1/dist/extension.js:1:68555
	at /home/am.lalwani/.vscode/extensions/redhat.java-0.53.1/dist/extension.js:1:68849
	at Immediate.module.exports.M.G.Y.size.setImmediate (/home/am.lalwani/.vscode/extensions/redhat.java-0.53.1/dist/extension.js:1:69210)
	at runCallback (timers.js:694:18)
	at tryOnImmediate (timers.js:665:5)
	at processImmediate (timers.js:647:5)
[2020-06-27 01:49:20.181] [renderer1] [error] The request (id: 5014, method: 'textDocument/hover') has been cancelled: Error: The request (id: 5014, method: 'textDocument/hover') has been cancelled
	at /home/am.lalwani/.vscode/extensions/redhat.java-0.53.1/dist/extension.js:1:68555
	at /home/am.lalwani/.vscode/extensions/redhat.java-0.53.1/dist/extension.js:1:68849
	at Immediate.module.exports.M.G.Y.size.setImmediate (/home/am.lalwani/.vscode/extensions/redhat.java-0.53.1/dist/extension.js:1:69210)
	at runCallback (timers.js:694:18)
	at tryOnImmediate (timers.js:665:5)
	at processImmediate (timers.js:647:5)
[2020-06-27 01:59:50.891] [renderer1] [error] The request (id: 6127, method: 'textDocument/hover') has been cancelled: Error: The request (id: 6127, method: 'textDocument/hover') has been cancelled
	at /home/am.lalwani/.vscode/extensions/redhat.java-0.53.1/dist/extension.js:1:68555
	at /home/am.lalwani/.vscode/extensions/redhat.java-0.53.1/dist/extension.js:1:68849
	at Immediate.module.exports.M.G.Y.size.setImmediate (/home/am.lalwani/.vscode/extensions/redhat.java-0.53.1/dist/extension.js:1:69210)
	at runCallback (timers.js:694:18)
	at tryOnImmediate (timers.js:665:5)
	at processImmediate (timers.js:647:5)
[2020-06-27 02:01:13.395] [renderer1] [error] The request (id: 6477, method: 'textDocument/hover') has been cancelled: Error: The request (id: 6477, method: 'textDocument/hover') has been cancelled
	at /home/am.lalwani/.vscode/extensions/redhat.java-0.53.1/dist/extension.js:1:68555
	at /home/am.lalwani/.vscode/extensions/redhat.java-0.53.1/dist/extension.js:1:68849
	at Immediate.module.exports.M.G.Y.size.setImmediate (/home/am.lalwani/.vscode/extensions/redhat.java-0.53.1/dist/extension.js:1:69210)
	at runCallback (timers.js:694:18)
	at tryOnImmediate (timers.js:665:5)
	at processImmediate (timers.js:647:5)
[2020-06-27 22:32:09.281] [renderer1] [error] getaddrinfo ENOTFOUND default.exp-tas.com default.exp-tas.com:443: Error: getaddrinfo ENOTFOUND default.exp-tas.com default.exp-tas.com:443
	at GetAddrInfoReqWrap.onlookup [as oncomplete] (dns.js:57:26)
[2020-06-27 23:01:58.816] [renderer1] [error] getaddrinfo ENOTFOUND default.exp-tas.com default.exp-tas.com:443: Error: getaddrinfo ENOTFOUND default.exp-tas.com default.exp-tas.com:443
	at GetAddrInfoReqWrap.onlookup [as oncomplete] (dns.js:57:26)
[2020-06-27 23:31:58.816] [renderer1] [error] getaddrinfo ENOTFOUND default.exp-tas.com default.exp-tas.com:443: Error: getaddrinfo ENOTFOUND default.exp-tas.com default.exp-tas.com:443
	at GetAddrInfoReqWrap.onlookup [as oncomplete] (dns.js:57:26)
[2020-06-28 00:01:58.817] [renderer1] [error] getaddrinfo ENOTFOUND default.exp-tas.com default.exp-tas.com:443: Error: getaddrinfo ENOTFOUND default.exp-tas.com default.exp-tas.com:443
	at GetAddrInfoReqWrap.onlookup [as oncomplete] (dns.js:57:26)
[2020-06-28 00:31:58.818] [renderer1] [error] getaddrinfo ENOTFOUND default.exp-tas.com default.exp-tas.com:443: Error: getaddrinfo ENOTFOUND default.exp-tas.com default.exp-tas.com:443
	at GetAddrInfoReqWrap.onlookup [as oncomplete] (dns.js:57:26)
[2020-06-28 09:17:05.202] [renderer1] [error] getaddrinfo ENOTFOUND default.exp-tas.com default.exp-tas.com:443: Error: getaddrinfo ENOTFOUND default.exp-tas.com default.exp-tas.com:443
	at GetAddrInfoReqWrap.onlookup [as oncomplete] (dns.js:57:26)
[2020-06-29 08:50:58.090] [renderer1] [error] getaddrinfo ENOTFOUND default.exp-tas.com default.exp-tas.com:443: Error: getaddrinfo ENOTFOUND default.exp-tas.com default.exp-tas.com:443
	at GetAddrInfoReqWrap.onlookup [as oncomplete] (dns.js:57:26)
[2020-06-29 09:20:58.092] [renderer1] [error] getaddrinfo ENOTFOUND default.exp-tas.com default.exp-tas.com:443: Error: getaddrinfo ENOTFOUND default.exp-tas.com default.exp-tas.com:443
	at GetAddrInfoReqWrap.onlookup [as oncomplete] (dns.js:57:26)
[2020-06-29 09:50:58.093] [renderer1] [error] getaddrinfo ENOTFOUND default.exp-tas.com default.exp-tas.com:443: Error: getaddrinfo ENOTFOUND default.exp-tas.com default.exp-tas.com:443
	at GetAddrInfoReqWrap.onlookup [as oncomplete] (dns.js:57:26)
[2020-06-29 10:20:58.095] [renderer1] [error] getaddrinfo ENOTFOUND default.exp-tas.com default.exp-tas.com:443: Error: getaddrinfo ENOTFOUND default.exp-tas.com default.exp-tas.com:443
	at GetAddrInfoReqWrap.onlookup [as oncomplete] (dns.js:57:26)
[2020-06-29 10:50:58.094] [renderer1] [error] getaddrinfo ENOTFOUND default.exp-tas.com default.exp-tas.com:443: Error: getaddrinfo ENOTFOUND default.exp-tas.com default.exp-tas.com:443
	at GetAddrInfoReqWrap.onlookup [as oncomplete] (dns.js:57:26)
[2020-06-29 11:20:58.095] [renderer1] [error] getaddrinfo ENOTFOUND default.exp-tas.com default.exp-tas.com:443: Error: getaddrinfo ENOTFOUND default.exp-tas.com default.exp-tas.com:443
	at GetAddrInfoReqWrap.onlookup [as oncomplete] (dns.js:57:26)
[2020-06-29 11:50:58.093] [renderer1] [error] getaddrinfo ENOTFOUND default.exp-tas.com default.exp-tas.com:443: Error: getaddrinfo ENOTFOUND default.exp-tas.com default.exp-tas.com:443
	at GetAddrInfoReqWrap.onlookup [as oncomplete] (dns.js:57:26)
[2020-06-29 12:20:58.094] [renderer1] [error] getaddrinfo ENOTFOUND default.exp-tas.com default.exp-tas.com:443: Error: getaddrinfo ENOTFOUND default.exp-tas.com default.exp-tas.com:443
	at GetAddrInfoReqWrap.onlookup [as oncomplete] (dns.js:57:26)
[2020-06-29 12:50:58.095] [renderer1] [error] getaddrinfo ENOTFOUND default.exp-tas.com default.exp-tas.com:443: Error: getaddrinfo ENOTFOUND default.exp-tas.com default.exp-tas.com:443
	at GetAddrInfoReqWrap.onlookup [as oncomplete] (dns.js:57:26)
[2020-06-29 13:20:58.095] [renderer1] [error] getaddrinfo ENOTFOUND default.exp-tas.com default.exp-tas.com:443: Error: getaddrinfo ENOTFOUND default.exp-tas.com default.exp-tas.com:443
	at GetAddrInfoReqWrap.onlookup [as oncomplete] (dns.js:57:26)
[2020-06-29 13:50:58.094] [renderer1] [error] getaddrinfo ENOTFOUND default.exp-tas.com default.exp-tas.com:443: Error: getaddrinfo ENOTFOUND default.exp-tas.com default.exp-tas.com:443
	at GetAddrInfoReqWrap.onlookup [as oncomplete] (dns.js:57:26)
[2020-06-29 14:20:58.094] [renderer1] [error] getaddrinfo ENOTFOUND default.exp-tas.com default.exp-tas.com:443: Error: getaddrinfo ENOTFOUND default.exp-tas.com default.exp-tas.com:443
	at GetAddrInfoReqWrap.onlookup [as oncomplete] (dns.js:57:26)
[2020-06-29 14:50:58.094] [renderer1] [error] getaddrinfo ENOTFOUND default.exp-tas.com default.exp-tas.com:443: Error: getaddrinfo ENOTFOUND default.exp-tas.com default.exp-tas.com:443
	at GetAddrInfoReqWrap.onlookup [as oncomplete] (dns.js:57:26)
[2020-06-29 15:20:58.095] [renderer1] [error] getaddrinfo ENOTFOUND default.exp-tas.com default.exp-tas.com:443: Error: getaddrinfo ENOTFOUND default.exp-tas.com default.exp-tas.com:443
	at GetAddrInfoReqWrap.onlookup [as oncomplete] (dns.js:57:26)
[2020-06-29 15:50:58.093] [renderer1] [error] getaddrinfo ENOTFOUND default.exp-tas.com default.exp-tas.com:443: Error: getaddrinfo ENOTFOUND default.exp-tas.com default.exp-tas.com:443
	at GetAddrInfoReqWrap.onlookup [as oncomplete] (dns.js:57:26)
[2020-06-29 16:20:58.094] [renderer1] [error] getaddrinfo ENOTFOUND default.exp-tas.com default.exp-tas.com:443: Error: getaddrinfo ENOTFOUND default.exp-tas.com default.exp-tas.com:443
	at GetAddrInfoReqWrap.onlookup [as oncomplete] (dns.js:57:26)
[2020-06-29 16:50:58.095] [renderer1] [error] getaddrinfo ENOTFOUND default.exp-tas.com default.exp-tas.com:443: Error: getaddrinfo ENOTFOUND default.exp-tas.com default.exp-tas.com:443
	at GetAddrInfoReqWrap.onlookup [as oncomplete] (dns.js:57:26)
[2020-06-29 17:20:58.096] [renderer1] [error] getaddrinfo ENOTFOUND default.exp-tas.com default.exp-tas.com:443: Error: getaddrinfo ENOTFOUND default.exp-tas.com default.exp-tas.com:443
	at GetAddrInfoReqWrap.onlookup [as oncomplete] (dns.js:57:26)
[2020-06-29 17:50:58.096] [renderer1] [error] getaddrinfo ENOTFOUND default.exp-tas.com default.exp-tas.com:443: Error: getaddrinfo ENOTFOUND default.exp-tas.com default.exp-tas.com:443
	at GetAddrInfoReqWrap.onlookup [as oncomplete] (dns.js:57:26)
[2020-06-29 22:53:17.350] [renderer1] [error] getaddrinfo ENOTFOUND default.exp-tas.com default.exp-tas.com:443: Error: getaddrinfo ENOTFOUND default.exp-tas.com default.exp-tas.com:443
	at GetAddrInfoReqWrap.onlookup [as oncomplete] (dns.js:57:26)
[2020-06-29 23:23:17.961] [renderer1] [error] getaddrinfo ENOTFOUND default.exp-tas.com default.exp-tas.com:443: Error: getaddrinfo ENOTFOUND default.exp-tas.com default.exp-tas.com:443
	at GetAddrInfoReqWrap.onlookup [as oncomplete] (dns.js:57:26)
[2020-06-29 23:53:17.961] [renderer1] [error] getaddrinfo ENOTFOUND default.exp-tas.com default.exp-tas.com:443: Error: getaddrinfo ENOTFOUND default.exp-tas.com default.exp-tas.com:443
	at GetAddrInfoReqWrap.onlookup [as oncomplete] (dns.js:57:26)
[2020-06-30 00:23:17.963] [renderer1] [error] getaddrinfo ENOTFOUND default.exp-tas.com default.exp-tas.com:443: Error: getaddrinfo ENOTFOUND default.exp-tas.com default.exp-tas.com:443
	at GetAddrInfoReqWrap.onlookup [as oncomplete] (dns.js:57:26)
