[Error - 2:16:34 AM] 9 Aug, 2020 2:16:34 AM Problem with folding range for /jdt.ls-java-project/src/OneAway.java
Invalid_Character_Constant
org.eclipse.jdt.core.compiler.InvalidInputException: Invalid_Character_Constant
	at org.eclipse.jdt.internal.core.util.PublicScanner.getNextToken(PublicScanner.java:1413)
	at org.eclipse.jdt.ls.core.internal.handlers.FoldingRangeHandler.computeFoldingRanges(FoldingRangeHandler.java:110)
	at org.eclipse.jdt.ls.core.internal.handlers.FoldingRangeHandler.foldingRange(FoldingRangeHandler.java:61)
	at org.eclipse.jdt.ls.core.internal.handlers.JDTLanguageServer.lambda$26(JDTLanguageServer.java:790)
	at org.eclipse.jdt.ls.core.internal.handlers.JDTLanguageServer.lambda$46(JDTLanguageServer.java:942)
	at java.util.concurrent.CompletableFuture.uniApply(CompletableFuture.java:616)
	at java.util.concurrent.CompletableFuture$UniApply.tryFire(CompletableFuture.java:591)
	at java.util.concurrent.CompletableFuture$Completion.exec(CompletableFuture.java:457)
	at java.util.concurrent.ForkJoinTask.doExec(ForkJoinTask.java:289)
	at java.util.concurrent.ForkJoinPool$WorkQueue.runTask(ForkJoinPool.java:1056)
	at java.util.concurrent.ForkJoinPool.runWorker(ForkJoinPool.java:1692)
	at java.util.concurrent.ForkJoinWorkerThread.run(ForkJoinWorkerThread.java:157)

[Error - 2:16:34 AM] 9 Aug, 2020 2:16:34 AM Problem with folding range for /jdt.ls-java-project/src/OneAway.java
Invalid_Character_Constant
org.eclipse.jdt.core.compiler.InvalidInputException: Invalid_Character_Constant
	at org.eclipse.jdt.internal.core.util.PublicScanner.getNextToken(PublicScanner.java:1413)
	at org.eclipse.jdt.ls.core.internal.handlers.FoldingRangeHandler.computeFoldingRanges(FoldingRangeHandler.java:110)
	at org.eclipse.jdt.ls.core.internal.handlers.FoldingRangeHandler.foldingRange(FoldingRangeHandler.java:61)
	at org.eclipse.jdt.ls.core.internal.handlers.JDTLanguageServer.lambda$26(JDTLanguageServer.java:790)
	at org.eclipse.jdt.ls.core.internal.handlers.JDTLanguageServer.lambda$46(JDTLanguageServer.java:942)
	at java.util.concurrent.CompletableFuture.uniApply(CompletableFuture.java:616)
	at java.util.concurrent.CompletableFuture$UniApply.tryFire(CompletableFuture.java:591)
	at java.util.concurrent.CompletableFuture$Completion.exec(CompletableFuture.java:457)
	at java.util.concurrent.ForkJoinTask.doExec(ForkJoinTask.java:289)
	at java.util.concurrent.ForkJoinPool$WorkQueue.runTask(ForkJoinPool.java:1056)
	at java.util.concurrent.ForkJoinPool.runWorker(ForkJoinPool.java:1692)
	at java.util.concurrent.ForkJoinWorkerThread.run(ForkJoinWorkerThread.java:157)

[Error - 2:28:24 AM] 9 Aug, 2020 2:28:24 AM Problem with folding range for /jdt.ls-java-project/src/OneAway.java
Invalid_Character_Constant
org.eclipse.jdt.core.compiler.InvalidInputException: Invalid_Character_Constant
	at org.eclipse.jdt.internal.core.util.PublicScanner.getNextToken(PublicScanner.java:1413)
	at org.eclipse.jdt.ls.core.internal.handlers.FoldingRangeHandler.computeFoldingRanges(FoldingRangeHandler.java:110)
	at org.eclipse.jdt.ls.core.internal.handlers.FoldingRangeHandler.foldingRange(FoldingRangeHandler.java:61)
	at org.eclipse.jdt.ls.core.internal.handlers.JDTLanguageServer.lambda$26(JDTLanguageServer.java:790)
	at org.eclipse.jdt.ls.core.internal.handlers.JDTLanguageServer.lambda$46(JDTLanguageServer.java:942)
	at java.util.concurrent.CompletableFuture.uniApply(CompletableFuture.java:616)
	at java.util.concurrent.CompletableFuture$UniApply.tryFire(CompletableFuture.java:591)
	at java.util.concurrent.CompletableFuture$Completion.exec(CompletableFuture.java:457)
	at java.util.concurrent.ForkJoinTask.doExec(ForkJoinTask.java:289)
	at java.util.concurrent.ForkJoinPool$WorkQueue.runTask(ForkJoinPool.java:1056)
	at java.util.concurrent.ForkJoinPool.runWorker(ForkJoinPool.java:1692)
	at java.util.concurrent.ForkJoinWorkerThread.run(ForkJoinWorkerThread.java:157)

[Error - 2:29:47 AM] 9 Aug, 2020 2:29:47 AM Problem with folding range for /jdt.ls-java-project/src/OneAway.java
Invalid_Character_Constant
org.eclipse.jdt.core.compiler.InvalidInputException: Invalid_Character_Constant
	at org.eclipse.jdt.internal.core.util.PublicScanner.getNextToken(PublicScanner.java:1490)
	at org.eclipse.jdt.ls.core.internal.handlers.FoldingRangeHandler.computeFoldingRanges(FoldingRangeHandler.java:110)
	at org.eclipse.jdt.ls.core.internal.handlers.FoldingRangeHandler.foldingRange(FoldingRangeHandler.java:61)
	at org.eclipse.jdt.ls.core.internal.handlers.JDTLanguageServer.lambda$26(JDTLanguageServer.java:790)
	at org.eclipse.jdt.ls.core.internal.handlers.JDTLanguageServer.lambda$46(JDTLanguageServer.java:942)
	at java.util.concurrent.CompletableFuture.uniApply(CompletableFuture.java:616)
	at java.util.concurrent.CompletableFuture$UniApply.tryFire(CompletableFuture.java:591)
	at java.util.concurrent.CompletableFuture$Completion.exec(CompletableFuture.java:457)
	at java.util.concurrent.ForkJoinTask.doExec(ForkJoinTask.java:289)
	at java.util.concurrent.ForkJoinPool$WorkQueue.runTask(ForkJoinPool.java:1056)
	at java.util.concurrent.ForkJoinPool.runWorker(ForkJoinPool.java:1692)
	at java.util.concurrent.ForkJoinWorkerThread.run(ForkJoinWorkerThread.java:157)

[Error - 3:33:53 AM] 9 Aug, 2020 3:33:53 AM Problem with folding range for /jdt.ls-java-project/src/OneAway.java
Invalid_Character_Constant
org.eclipse.jdt.core.compiler.InvalidInputException: Invalid_Character_Constant
	at org.eclipse.jdt.internal.core.util.PublicScanner.getNextToken(PublicScanner.java:1442)
	at org.eclipse.jdt.ls.core.internal.handlers.FoldingRangeHandler.computeFoldingRanges(FoldingRangeHandler.java:110)
	at org.eclipse.jdt.ls.core.internal.handlers.FoldingRangeHandler.foldingRange(FoldingRangeHandler.java:61)
	at org.eclipse.jdt.ls.core.internal.handlers.JDTLanguageServer.lambda$26(JDTLanguageServer.java:790)
	at org.eclipse.jdt.ls.core.internal.handlers.JDTLanguageServer.lambda$46(JDTLanguageServer.java:942)
	at java.util.concurrent.CompletableFuture.uniApply(CompletableFuture.java:616)
	at java.util.concurrent.CompletableFuture$UniApply.tryFire(CompletableFuture.java:591)
	at java.util.concurrent.CompletableFuture$Completion.exec(CompletableFuture.java:457)
	at java.util.concurrent.ForkJoinTask.doExec(ForkJoinTask.java:289)
	at java.util.concurrent.ForkJoinPool$WorkQueue.runTask(ForkJoinPool.java:1056)
	at java.util.concurrent.ForkJoinPool.runWorker(ForkJoinPool.java:1692)
	at java.util.concurrent.ForkJoinWorkerThread.run(ForkJoinWorkerThread.java:157)

[Error - 4:06:53 AM] 9 Aug, 2020 4:06:53 AM 
null
org.eclipse.jface.text.BadLocationException
	at org.eclipse.jface.text.TreeLineTracker.fail(TreeLineTracker.java:1054)
	at org.eclipse.jface.text.TreeLineTracker.lineByOffset(TreeLineTracker.java:268)
	at org.eclipse.jface.text.TreeLineTracker.getLineNumberOfOffset(TreeLineTracker.java:1122)
	at org.eclipse.jface.text.AbstractLineTracker.getLineNumberOfOffset(AbstractLineTracker.java:155)
	at org.eclipse.jface.text.AbstractDocument.getLineOfOffset(AbstractDocument.java:871)
	at org.eclipse.core.internal.filebuffers.SynchronizableDocument.getLineOfOffset(SynchronizableDocument.java:334)
	at org.eclipse.jdt.ls.core.internal.handlers.JsonRpcHelpers.toLine(JsonRpcHelpers.java:83)
	at org.eclipse.jdt.ls.core.internal.handlers.JsonRpcHelpers.toLine(JsonRpcHelpers.java:71)
	at org.eclipse.jdt.ls.core.internal.JDTUtils.toRange(JDTUtils.java:563)
	at org.eclipse.jdt.ls.core.internal.TextEditConverter.visit(TextEditConverter.java:137)
	at org.eclipse.text.edits.MultiTextEdit.accept0(MultiTextEdit.java:146)
	at org.eclipse.text.edits.TextEdit.accept(TextEdit.java:641)
	at org.eclipse.jdt.ls.core.internal.TextEditConverter.convert(TextEditConverter.java:61)
	at org.eclipse.jdt.ls.core.internal.text.correction.SourceAssistProcessor.convertToWorkspaceEdit(SourceAssistProcessor.java:381)
	at org.eclipse.jdt.ls.core.internal.text.correction.SourceAssistProcessor.convertToWorkspaceEditAction(SourceAssistProcessor.java:346)
	at org.eclipse.jdt.ls.core.internal.text.correction.SourceAssistProcessor.getSourceActionCommands(SourceAssistProcessor.java:134)
	at org.eclipse.jdt.ls.core.internal.handlers.CodeActionHandler.getCodeActionCommands(CodeActionHandler.java:144)
	at org.eclipse.jdt.ls.core.internal.handlers.JDTLanguageServer.lambda$14(JDTLanguageServer.java:605)
	at org.eclipse.jdt.ls.core.internal.handlers.JDTLanguageServer.lambda$45(JDTLanguageServer.java:936)
	at java.util.concurrent.CompletableFuture.uniApply(CompletableFuture.java:616)
	at java.util.concurrent.CompletableFuture$UniApply.tryFire(CompletableFuture.java:591)
	at java.util.concurrent.CompletableFuture$Completion.exec(CompletableFuture.java:457)
	at java.util.concurrent.ForkJoinTask.doExec(ForkJoinTask.java:289)
	at java.util.concurrent.ForkJoinPool$WorkQueue.runTask(ForkJoinPool.java:1056)
	at java.util.concurrent.ForkJoinPool.runWorker(ForkJoinPool.java:1692)
	at java.util.concurrent.ForkJoinWorkerThread.run(ForkJoinWorkerThread.java:157)

[Error - 4:06:53 AM] 9 Aug, 2020 4:06:53 AM 
null
org.eclipse.jface.text.BadLocationException
	at org.eclipse.jface.text.TreeLineTracker.fail(TreeLineTracker.java:1054)
	at org.eclipse.jface.text.TreeLineTracker.lineByOffset(TreeLineTracker.java:268)
	at org.eclipse.jface.text.TreeLineTracker.getLineNumberOfOffset(TreeLineTracker.java:1122)
	at org.eclipse.jface.text.AbstractLineTracker.getLineNumberOfOffset(AbstractLineTracker.java:155)
	at org.eclipse.jface.text.AbstractDocument.getLineOfOffset(AbstractDocument.java:871)
	at org.eclipse.core.internal.filebuffers.SynchronizableDocument.getLineOfOffset(SynchronizableDocument.java:334)
	at org.eclipse.jdt.ls.core.internal.handlers.JsonRpcHelpers.toLine(JsonRpcHelpers.java:83)
	at org.eclipse.jdt.ls.core.internal.handlers.JsonRpcHelpers.toLine(JsonRpcHelpers.java:71)
	at org.eclipse.jdt.ls.core.internal.JDTUtils.toRange(JDTUtils.java:564)
	at org.eclipse.jdt.ls.core.internal.TextEditConverter.visit(TextEditConverter.java:137)
	at org.eclipse.text.edits.MultiTextEdit.accept0(MultiTextEdit.java:146)
	at org.eclipse.text.edits.TextEdit.accept(TextEdit.java:641)
	at org.eclipse.jdt.ls.core.internal.TextEditConverter.convert(TextEditConverter.java:61)
	at org.eclipse.jdt.ls.core.internal.text.correction.SourceAssistProcessor.convertToWorkspaceEdit(SourceAssistProcessor.java:381)
	at org.eclipse.jdt.ls.core.internal.text.correction.SourceAssistProcessor.convertToWorkspaceEditAction(SourceAssistProcessor.java:346)
	at org.eclipse.jdt.ls.core.internal.text.correction.SourceAssistProcessor.getSourceActionCommands(SourceAssistProcessor.java:134)
	at org.eclipse.jdt.ls.core.internal.handlers.CodeActionHandler.getCodeActionCommands(CodeActionHandler.java:144)
	at org.eclipse.jdt.ls.core.internal.handlers.JDTLanguageServer.lambda$14(JDTLanguageServer.java:605)
	at org.eclipse.jdt.ls.core.internal.handlers.JDTLanguageServer.lambda$45(JDTLanguageServer.java:936)
	at java.util.concurrent.CompletableFuture.uniApply(CompletableFuture.java:616)
	at java.util.concurrent.CompletableFuture$UniApply.tryFire(CompletableFuture.java:591)
	at java.util.concurrent.CompletableFuture$Completion.exec(CompletableFuture.java:457)
	at java.util.concurrent.ForkJoinTask.doExec(ForkJoinTask.java:289)
	at java.util.concurrent.ForkJoinPool$WorkQueue.runTask(ForkJoinPool.java:1056)
	at java.util.concurrent.ForkJoinPool.runWorker(ForkJoinPool.java:1692)
	at java.util.concurrent.ForkJoinWorkerThread.run(ForkJoinWorkerThread.java:157)

[Error - 4:06:53 AM] 9 Aug, 2020 4:06:53 AM Error converting TextEdits
End position lies outside document range
org.eclipse.text.edits.MalformedTreeException: End position lies outside document range
	at org.eclipse.text.edits.TextEditProcessor.checkIntegrityDo(TextEditProcessor.java:180)
	at org.eclipse.text.edits.TextEdit.dispatchCheckIntegrity(TextEdit.java:746)
	at org.eclipse.text.edits.TextEditProcessor.performEdits(TextEditProcessor.java:153)
	at org.eclipse.text.edits.TextEdit.apply(TextEdit.java:714)
	at org.eclipse.jdt.ls.core.internal.TextEditConverter.visit(TextEditConverter.java:139)
	at org.eclipse.text.edits.MultiTextEdit.accept0(MultiTextEdit.java:146)
	at org.eclipse.text.edits.TextEdit.accept(TextEdit.java:641)
	at org.eclipse.jdt.ls.core.internal.TextEditConverter.convert(TextEditConverter.java:61)
	at org.eclipse.jdt.ls.core.internal.text.correction.SourceAssistProcessor.convertToWorkspaceEdit(SourceAssistProcessor.java:381)
	at org.eclipse.jdt.ls.core.internal.text.correction.SourceAssistProcessor.convertToWorkspaceEditAction(SourceAssistProcessor.java:346)
	at org.eclipse.jdt.ls.core.internal.text.correction.SourceAssistProcessor.getSourceActionCommands(SourceAssistProcessor.java:134)
	at org.eclipse.jdt.ls.core.internal.handlers.CodeActionHandler.getCodeActionCommands(CodeActionHandler.java:144)
	at org.eclipse.jdt.ls.core.internal.handlers.JDTLanguageServer.lambda$14(JDTLanguageServer.java:605)
	at org.eclipse.jdt.ls.core.internal.handlers.JDTLanguageServer.lambda$45(JDTLanguageServer.java:936)
	at java.util.concurrent.CompletableFuture.uniApply(CompletableFuture.java:616)
	at java.util.concurrent.CompletableFuture$UniApply.tryFire(CompletableFuture.java:591)
	at java.util.concurrent.CompletableFuture$Completion.exec(CompletableFuture.java:457)
	at java.util.concurrent.ForkJoinTask.doExec(ForkJoinTask.java:289)
	at java.util.concurrent.ForkJoinPool$WorkQueue.runTask(ForkJoinPool.java:1056)
	at java.util.concurrent.ForkJoinPool.runWorker(ForkJoinPool.java:1692)
	at java.util.concurrent.ForkJoinWorkerThread.run(ForkJoinWorkerThread.java:157)

