[2020-08-06 00:31:30.398] [exthost] [info] extension host started
[2020-08-06 00:31:30.410] [exthost] [info] ExtensionService#_doActivateExtension vscode.debug-auto-launch {"startup":true,"activationEvent":"*"}
[2020-08-06 00:31:30.410] [exthost] [info] ExtensionService#loadCommonJSModule /usr/share/code/resources/app/extensions/debug-auto-launch/dist/extension
[2020-08-06 00:31:30.509] [exthost] [info] ExtensionService#_doActivateExtension vscode.emmet {"startup":true,"activationEvent":"*"}
[2020-08-06 00:31:30.509] [exthost] [info] ExtensionService#loadCommonJSModule /usr/share/code/resources/app/extensions/emmet/dist/extension
[2020-08-06 00:31:30.601] [exthost] [info] ExtensionService#_doActivateExtension vscode.git {"startup":true,"activationEvent":"*"}
[2020-08-06 00:31:30.601] [exthost] [info] ExtensionService#loadCommonJSModule /usr/share/code/resources/app/extensions/git/dist/main
[2020-08-06 00:31:30.741] [exthost] [info] ExtensionService#_doActivateExtension vscode.merge-conflict {"startup":true,"activationEvent":"*"}
[2020-08-06 00:31:30.741] [exthost] [info] ExtensionService#loadCommonJSModule /usr/share/code/resources/app/extensions/merge-conflict/dist/extension
[2020-08-06 00:31:30.747] [exthost] [info] ExtensionService#_doActivateExtension nrwl.angular-console {"startup":true,"activationEvent":"*"}
[2020-08-06 00:31:30.747] [exthost] [info] ExtensionService#loadCommonJSModule /home/am.lalwani/.vscode/extensions/nrwl.angular-console-13.0.0/main.js
[2020-08-06 00:31:32.150] [exthost] [info] ExtensionService#_doActivateExtension PKief.material-icon-theme {"startup":true,"activationEvent":"*"}
[2020-08-06 00:31:32.150] [exthost] [info] ExtensionService#loadCommonJSModule /home/am.lalwani/.vscode/extensions/pkief.material-icon-theme-4.2.0/dist/extension
[2020-08-06 00:31:32.202] [exthost] [info] eager extensions activated
[2020-08-06 00:31:44.908] [exthost] [info] extension host started
[2020-08-06 00:31:44.921] [exthost] [info] ExtensionService#_doActivateExtension vscode.debug-auto-launch {"startup":true,"activationEvent":"*"}
[2020-08-06 00:31:44.921] [exthost] [info] ExtensionService#loadCommonJSModule /usr/share/code/resources/app/extensions/debug-auto-launch/dist/extension
[2020-08-06 00:31:44.924] [exthost] [info] ExtensionService#_doActivateExtension vscode.emmet {"startup":true,"activationEvent":"*"}
[2020-08-06 00:31:44.924] [exthost] [info] ExtensionService#loadCommonJSModule /usr/share/code/resources/app/extensions/emmet/dist/extension
[2020-08-06 00:31:44.971] [exthost] [info] ExtensionService#_doActivateExtension vscode.git {"startup":true,"activationEvent":"*"}
[2020-08-06 00:31:44.971] [exthost] [info] ExtensionService#loadCommonJSModule /usr/share/code/resources/app/extensions/git/dist/main
[2020-08-06 00:31:45.081] [exthost] [info] ExtensionService#_doActivateExtension vscode.merge-conflict {"startup":true,"activationEvent":"*"}
[2020-08-06 00:31:45.081] [exthost] [info] ExtensionService#loadCommonJSModule /usr/share/code/resources/app/extensions/merge-conflict/dist/extension
[2020-08-06 00:31:45.087] [exthost] [info] ExtensionService#_doActivateExtension nrwl.angular-console {"startup":true,"activationEvent":"*"}
[2020-08-06 00:31:45.087] [exthost] [info] ExtensionService#loadCommonJSModule /home/am.lalwani/.vscode/extensions/nrwl.angular-console-13.0.0/main.js
[2020-08-06 00:31:46.007] [exthost] [info] ExtensionService#_doActivateExtension PKief.material-icon-theme {"startup":true,"activationEvent":"*"}
[2020-08-06 00:31:46.007] [exthost] [info] ExtensionService#loadCommonJSModule /home/am.lalwani/.vscode/extensions/pkief.material-icon-theme-4.2.0/dist/extension
[2020-08-06 00:31:47.139] [exthost] [info] eager extensions activated
[2020-08-09 02:15:41.719] [exthost] [info] ExtensionService#_doActivateExtension redhat.java {"startup":false,"activationEvent":"onLanguage:java"}
[2020-08-09 02:15:41.719] [exthost] [info] ExtensionService#loadCommonJSModule /home/am.lalwani/.vscode/extensions/redhat.java-0.53.1/dist/extension
[2020-08-09 02:15:42.018] [exthost] [info] ExtensionService#_doActivateExtension VisualStudioExptTeam.vscodeintellicode {"startup":false,"activationEvent":"onLanguage:java"}
[2020-08-09 02:15:42.018] [exthost] [info] ExtensionService#loadCommonJSModule /home/am.lalwani/.vscode/extensions/visualstudioexptteam.vscodeintellicode-1.2.9/dist/intellicode
[2020-08-09 02:15:42.551] [exthost] [info] ExtensionService#_doActivateExtension vscjava.vscode-java-debug {"startup":false,"activationEvent":"onLanguage:java"}
[2020-08-09 02:15:42.551] [exthost] [info] ExtensionService#loadCommonJSModule /home/am.lalwani/.vscode/extensions/vscjava.vscode-java-debug-0.23.0/dist/extension
[2020-08-09 02:15:42.688] [exthost] [info] ExtensionService#_doActivateExtension vscjava.vscode-java-pack {"startup":false,"activationEvent":"onLanguage:java"}
[2020-08-09 02:15:42.688] [exthost] [info] ExtensionService#loadCommonJSModule /home/am.lalwani/.vscode/extensions/vscjava.vscode-java-pack-0.9.1/out/extension
[2020-08-09 02:15:56.639] [exthost] [info] ExtensionService#_doActivateExtension vscjava.vscode-java-dependency {"startup":false,"activationEvent":"onLanguage:java"}
[2020-08-09 02:15:56.639] [exthost] [info] ExtensionService#loadCommonJSModule /home/am.lalwani/.vscode/extensions/vscjava.vscode-java-dependency-0.8.0/dist/extension
[2020-08-09 02:15:56.768] [exthost] [info] ExtensionService#_doActivateExtension vscjava.vscode-java-test {"startup":false,"activationEvent":"onLanguage:java"}
[2020-08-09 02:15:56.768] [exthost] [info] ExtensionService#loadCommonJSModule /home/am.lalwani/.vscode/extensions/vscjava.vscode-java-test-0.21.0/dist/extension
[2020-08-09 02:16:46.757] [exthost] [error] [redhat.java] provider FAILED
[2020-08-09 02:16:46.759] [exthost] [error] Error: DisposableStore is missing...
	at R._convertCompletionItem (/usr/share/code/resources/app/out/vs/workbench/services/extensions/node/extensionHostProcess.js:563:173)
	at define.resolveCompletionItem.o.asPromise.then.e (/usr/share/code/resources/app/out/vs/workbench/services/extensions/node/extensionHostProcess.js:562:707)
	at o (/home/am.lalwani/.vscode/extensions/vscjava.vscode-java-test-0.21.0/dist/extension.js:9:263120)
	at /home/am.lalwani/.vscode/extensions/vscjava.vscode-java-test-0.21.0/dist/extension.js:9:263614
[2020-08-09 02:16:46.770] [exthost] [error] [redhat.java] provider FAILED
[2020-08-09 02:16:46.770] [exthost] [error] Error: DisposableStore is missing...
	at R._convertCompletionItem (/usr/share/code/resources/app/out/vs/workbench/services/extensions/node/extensionHostProcess.js:563:173)
	at define.resolveCompletionItem.o.asPromise.then.e (/usr/share/code/resources/app/out/vs/workbench/services/extensions/node/extensionHostProcess.js:562:707)
	at o (/home/am.lalwani/.vscode/extensions/vscjava.vscode-java-test-0.21.0/dist/extension.js:9:263120)
	at /home/am.lalwani/.vscode/extensions/vscjava.vscode-java-test-0.21.0/dist/extension.js:9:263614
[2020-08-09 02:24:36.408] [exthost] [error] [redhat.java] provider FAILED
[2020-08-09 02:24:36.408] [exthost] [error] Error: DisposableStore is missing...
	at R._convertCompletionItem (/usr/share/code/resources/app/out/vs/workbench/services/extensions/node/extensionHostProcess.js:563:173)
	at define.resolveCompletionItem.o.asPromise.then.e (/usr/share/code/resources/app/out/vs/workbench/services/extensions/node/extensionHostProcess.js:562:707)
	at o (/home/am.lalwani/.vscode/extensions/vscjava.vscode-java-test-0.21.0/dist/extension.js:9:263120)
	at /home/am.lalwani/.vscode/extensions/vscjava.vscode-java-test-0.21.0/dist/extension.js:9:263614
[2020-08-09 04:13:47.625] [exthost] [error] [redhat.java] provider FAILED
[2020-08-09 04:13:47.625] [exthost] [error] Error: DisposableStore is missing...
	at R._convertCompletionItem (/usr/share/code/resources/app/out/vs/workbench/services/extensions/node/extensionHostProcess.js:563:173)
	at define.resolveCompletionItem.o.asPromise.then.e (/usr/share/code/resources/app/out/vs/workbench/services/extensions/node/extensionHostProcess.js:562:707)
	at o (/home/am.lalwani/.vscode/extensions/vscjava.vscode-java-test-0.21.0/dist/extension.js:9:263120)
	at /home/am.lalwani/.vscode/extensions/vscjava.vscode-java-test-0.21.0/dist/extension.js:9:263614
[2020-08-09 04:13:47.628] [exthost] [error] [redhat.java] provider FAILED
[2020-08-09 04:13:47.628] [exthost] [error] Error: DisposableStore is missing...
	at R._convertCompletionItem (/usr/share/code/resources/app/out/vs/workbench/services/extensions/node/extensionHostProcess.js:563:173)
	at define.resolveCompletionItem.o.asPromise.then.e (/usr/share/code/resources/app/out/vs/workbench/services/extensions/node/extensionHostProcess.js:562:707)
	at o (/home/am.lalwani/.vscode/extensions/vscjava.vscode-java-test-0.21.0/dist/extension.js:9:263120)
	at /home/am.lalwani/.vscode/extensions/vscjava.vscode-java-test-0.21.0/dist/extension.js:9:263614
[2020-08-09 04:26:10.137] [exthost] [error] [redhat.java] provider FAILED
[2020-08-09 04:26:10.137] [exthost] [error] Error: DisposableStore is missing...
	at R._convertCompletionItem (/usr/share/code/resources/app/out/vs/workbench/services/extensions/node/extensionHostProcess.js:563:173)
	at define.resolveCompletionItem.o.asPromise.then.e (/usr/share/code/resources/app/out/vs/workbench/services/extensions/node/extensionHostProcess.js:562:707)
	at o (/home/am.lalwani/.vscode/extensions/vscjava.vscode-java-test-0.21.0/dist/extension.js:9:263120)
	at /home/am.lalwani/.vscode/extensions/vscjava.vscode-java-test-0.21.0/dist/extension.js:9:263614
[2020-08-09 04:49:49.412] [exthost] [error] [redhat.java] provider FAILED
[2020-08-09 04:49:49.413] [exthost] [error] Error: DisposableStore is missing...
	at R._convertCompletionItem (/usr/share/code/resources/app/out/vs/workbench/services/extensions/node/extensionHostProcess.js:563:173)
	at define.resolveCompletionItem.o.asPromise.then.e (/usr/share/code/resources/app/out/vs/workbench/services/extensions/node/extensionHostProcess.js:562:707)
	at o (/home/am.lalwani/.vscode/extensions/vscjava.vscode-java-test-0.21.0/dist/extension.js:9:263120)
	at /home/am.lalwani/.vscode/extensions/vscjava.vscode-java-test-0.21.0/dist/extension.js:9:263614
[2020-08-09 04:49:49.416] [exthost] [error] [redhat.java] provider FAILED
[2020-08-09 04:49:49.416] [exthost] [error] Error: DisposableStore is missing...
	at R._convertCompletionItem (/usr/share/code/resources/app/out/vs/workbench/services/extensions/node/extensionHostProcess.js:563:173)
	at define.resolveCompletionItem.o.asPromise.then.e (/usr/share/code/resources/app/out/vs/workbench/services/extensions/node/extensionHostProcess.js:562:707)
	at o (/home/am.lalwani/.vscode/extensions/vscjava.vscode-java-test-0.21.0/dist/extension.js:9:263120)
	at /home/am.lalwani/.vscode/extensions/vscjava.vscode-java-test-0.21.0/dist/extension.js:9:263614
[2020-08-09 04:49:49.423] [exthost] [error] [redhat.java] provider FAILED
[2020-08-09 04:49:49.423] [exthost] [error] Error: DisposableStore is missing...
	at R._convertCompletionItem (/usr/share/code/resources/app/out/vs/workbench/services/extensions/node/extensionHostProcess.js:563:173)
	at define.resolveCompletionItem.o.asPromise.then.e (/usr/share/code/resources/app/out/vs/workbench/services/extensions/node/extensionHostProcess.js:562:707)
	at o (/home/am.lalwani/.vscode/extensions/vscjava.vscode-java-test-0.21.0/dist/extension.js:9:263120)
	at /home/am.lalwani/.vscode/extensions/vscjava.vscode-java-test-0.21.0/dist/extension.js:9:263614
[2020-08-09 04:49:56.922] [exthost] [error] [redhat.java] provider FAILED
[2020-08-09 04:49:56.922] [exthost] [error] Error: DisposableStore is missing...
	at R._convertCompletionItem (/usr/share/code/resources/app/out/vs/workbench/services/extensions/node/extensionHostProcess.js:563:173)
	at define.resolveCompletionItem.o.asPromise.then.e (/usr/share/code/resources/app/out/vs/workbench/services/extensions/node/extensionHostProcess.js:562:707)
	at o (/home/am.lalwani/.vscode/extensions/vscjava.vscode-java-test-0.21.0/dist/extension.js:9:263120)
	at /home/am.lalwani/.vscode/extensions/vscjava.vscode-java-test-0.21.0/dist/extension.js:9:263614
[2020-08-09 04:49:56.935] [exthost] [error] [redhat.java] provider FAILED
[2020-08-09 04:49:56.935] [exthost] [error] Error: DisposableStore is missing...
	at R._convertCompletionItem (/usr/share/code/resources/app/out/vs/workbench/services/extensions/node/extensionHostProcess.js:563:173)
	at define.resolveCompletionItem.o.asPromise.then.e (/usr/share/code/resources/app/out/vs/workbench/services/extensions/node/extensionHostProcess.js:562:707)
	at o (/home/am.lalwani/.vscode/extensions/vscjava.vscode-java-test-0.21.0/dist/extension.js:9:263120)
	at /home/am.lalwani/.vscode/extensions/vscjava.vscode-java-test-0.21.0/dist/extension.js:9:263614
[2020-08-09 04:53:03.882] [exthost] [error] [redhat.java] provider FAILED
[2020-08-09 04:53:03.883] [exthost] [error] Error: DisposableStore is missing...
	at R._convertCompletionItem (/usr/share/code/resources/app/out/vs/workbench/services/extensions/node/extensionHostProcess.js:563:173)
	at define.resolveCompletionItem.o.asPromise.then.e (/usr/share/code/resources/app/out/vs/workbench/services/extensions/node/extensionHostProcess.js:562:707)
	at o (/home/am.lalwani/.vscode/extensions/vscjava.vscode-java-test-0.21.0/dist/extension.js:9:263120)
	at /home/am.lalwani/.vscode/extensions/vscjava.vscode-java-test-0.21.0/dist/extension.js:9:263614
[2020-08-09 04:53:03.888] [exthost] [error] [redhat.java] provider FAILED
[2020-08-09 04:53:03.888] [exthost] [error] Error: DisposableStore is missing...
	at R._convertCompletionItem (/usr/share/code/resources/app/out/vs/workbench/services/extensions/node/extensionHostProcess.js:563:173)
	at define.resolveCompletionItem.o.asPromise.then.e (/usr/share/code/resources/app/out/vs/workbench/services/extensions/node/extensionHostProcess.js:562:707)
	at o (/home/am.lalwani/.vscode/extensions/vscjava.vscode-java-test-0.21.0/dist/extension.js:9:263120)
	at /home/am.lalwani/.vscode/extensions/vscjava.vscode-java-test-0.21.0/dist/extension.js:9:263614
